START
START
NoOfAttempts Our:[Attempts:65 OnTarget:64] Their:3 
NoOfGoals Our:64 Their:0
NOOfTimes Ball Our:1217 Their:212
NoOfTicks Our Half:4597 Their Half:4338
NoOfTicks Our Defence Half:805 Their Defence Half:1757
NoOfTicks Our Goal Area:92 Their Goal Area:378
NoOfTackleWon Our:3 Their:26
HALF TIME
NoOfAttempts Our:[Attempts:133 OnTarget:125] Their:5 
NoOfGoals Our:126 Their:0
NOOfTimes Ball Our:2544 Their:438
NoOfTicks Our Half:8995 Their Half:8878
NoOfTicks Our Defence Half:1747 Their Defence Half:3788
NoOfTicks Our Goal Area:296 Their Goal Area:806
NoOfTackleWon Our:8 Their:45
START
START
GAME STUCK!! game_time:59.700001
GAME STUCK!! game_time:59.799999
GAME STUCK!! game_time:59.900002
START
START
START
START
START
NoOfAttempts Our:[Attempts:65 OnTarget:51] Their:0 
NoOfGoals Our:52 Their:0
NOOfTimes Ball Our:471 Their:241
NoOfTicks Our Half:2278 Their Half:3669
NoOfTicks Our Defence Half:146 Their Defence Half:1952
NoOfTicks Our Goal Area:50 Their Goal Area:466
NoOfTackleWon Our:0 Their:6
HALF TIME
